<?xml version="1.0" encoding="UTF-8"?>
<testng-results ignored="0" total="1" passed="1" failed="0" skipped="0">
  <reporter-output>
  </reporter-output>
  <suite started-at="2022-10-09T10:34:47 EDT" name="Command line suite" finished-at="2022-10-09T10:34:47 EDT" duration-ms="78">
    <groups>
    </groups>
    <test started-at="2022-10-09T10:34:47 EDT" name="Command line test" finished-at="2022-10-09T10:34:47 EDT" duration-ms="78">
      <class name="com.qa.testCases.TestBanking">
        <test-method signature="openBankSite()[pri:0, instance:com.qa.testCases.TestBanking@6302bbb1]" started-at="2022-10-09T10:34:47 EDT" name="openBankSite" finished-at="2022-10-09T10:34:47 EDT" duration-ms="8" status="PASS">
          <reporter-output>
          </reporter-output>
        </test-method> <!-- openBankSite -->
      </class> <!-- com.qa.testCases.TestBanking -->
    </test> <!-- Command line test -->
  </suite> <!-- Command line suite -->
</testng-results>
